<?xml version="1.0" encoding="UTF-8" standalone="no"?><testsuite errors="0" failures="1" name="POST booking API" skipped="0" tests="2" time="5.63" timestamp="2025-08-16 11:03:52"><testcase name="Create booking successfully with JSON format"/><testcase name="Create booking successfully with XML format"><failure message="1 expectation failed.&#10;Expected status code &lt;200&gt; but was &lt;500&gt;.&#10;" type="java.lang.AssertionError">1 expectation failed.
Expected status code &lt;200&gt; but was &lt;500&gt;.
</failure><system-err>1 expectation failed.
Expected status code &lt;200&gt; but was &lt;500&gt;.
&#13;
io.restassured.internal.ResponseSpecificationImpl.validateResponseIfRequired(ResponseSpecificationImpl.groovy:696)&#13;
io.restassured.internal.ResponseSpecificationImpl.this$2$validateResponseIfRequired(ResponseSpecificationImpl.groovy)&#13;
io.restassured.internal.ResponseSpecificationImpl.statusCode(ResponseSpecificationImpl.groovy:135)&#13;
io.restassured.internal.ResponseSpecificationImpl.statusCode(ResponseSpecificationImpl.groovy:143)&#13;
io.restassured.internal.ValidatableResponseOptionsImpl.statusCode(ValidatableResponseOptionsImpl.java:89)&#13;
co.com.screenplay.project.stepdefinitions.GetBookingByIdStepDefinitions.lambda$theResponseStatusCodeShouldBe$0(GetBookingByIdStepDefinitions.java:61)&#13;
co.com.screenplay.project.stepdefinitions.GetBookingByIdStepDefinitions.theResponseStatusCodeShouldBe(GetBookingByIdStepDefinitions.java:59)&#13;
worker.org.gradle.process.internal.worker.GradleWorkerMain.run(GradleWorkerMain.java:69)&#13;
worker.org.gradle.process.internal.worker.GradleWorkerMain.main(GradleWorkerMain.java:74)&#13;
</system-err></testcase></testsuite>